<?xml version="1.0" encoding="UTF-8"?>
<!-- Generated by org.testng.reporters.JUnitXMLReporter -->
<testsuite ignored="0" hostname="LTIN214912" failures="0" tests="6" name="ChromeTest" time="192.932" errors="0" timestamp="2024-03-26T11:09:21 IST">
  <testcase classname="testCase.TC_01_verifyHomePage" name="verifyCabs" time="16.707"/>
  <testcase classname="testCase.TC_01_verifyHomePage" name="verifyCabs" time="20.132"/>
  <testcase classname="testCase.TC_01_verifyHomePage" name="verifyCabs" time="20.85"/>
  <testcase classname="testCase.TC_03_GiftCardBoookingTest" name="gift" time="1.371"/>
  <testcase classname="testCase.TC_03_GiftCardBoookingTest" name="giftCard" time="4.702"/>
  <testcase classname="testCase.TC_04_CountAdult" name="adultCount" time="8.94"/>
</testsuite> <!-- ChromeTest -->
