<?xml version="1.0" encoding="UTF-8"?>
<!-- Generated by org.testng.reporters.JUnitXMLReporter -->
<testsuite ignored="0" hostname="LTIN214912" failures="0" tests="6" name="EdgeTest" time="226.461" errors="0" timestamp="2024-03-26T11:13:08 IST">
  <testcase classname="testCase.TC_01_verifyHomePage" name="verifyCabs" time="44.436"/>
  <testcase classname="testCase.TC_01_verifyHomePage" name="verifyCabs" time="16.618"/>
  <testcase classname="testCase.TC_01_verifyHomePage" name="verifyCabs" time="26.859"/>
  <testcase classname="testCase.TC_03_GiftCardBoookingTest" name="gift" time="1.364"/>
  <testcase classname="testCase.TC_03_GiftCardBoookingTest" name="giftCard" time="5.409"/>
  <testcase classname="testCase.TC_04_CountAdult" name="adultCount" time="7.322"/>
</testsuite> <!-- EdgeTest -->
