<?xml version="1.0" encoding="UTF-8"?>
<!-- Generated by org.testng.reporters.JUnitXMLReporter -->
<testsuite ignored="0" hostname="LTIN214912" failures="0" tests="3" name="Test" time="111.825" errors="0" timestamp="2024-03-22T17:38:55 IST">
  <testcase classname="testCase.TC_01_verifyHomePage" name="verifyCabs" time="18.016"/>
  <testcase classname="testCase.TC_01_verifyHomePage" name="verifyCabs" time="16.942"/>
  <testcase classname="testCase.TC_01_verifyHomePage" name="verifyCabs" time="20.487"/>
</testsuite> <!-- Test -->
