<?xml version="1.0" encoding="UTF-8"?>
<testng-results ignored="0" total="12" passed="12" failed="0" skipped="0">
  <reporter-output>
  </reporter-output>
  <suite started-at="2024-03-26T11:06:07 IST" name="Suite" finished-at="2024-03-26T11:13:08 IST" duration-ms="421092">
    <groups>
    </groups>
    <test started-at="2024-03-26T11:06:07 IST" name="ChromeTest" finished-at="2024-03-26T11:09:20 IST" duration-ms="192932">
      <class name="testCase.TC_04_CountAdult">
        <test-method is-config="true" signature="setup(java.lang.String)[pri:0, instance:testCase.TC_04_CountAdult@15de0b3c]" started-at="2024-03-26T11:08:49 IST" name="setup" finished-at="2024-03-26T11:08:59 IST" duration-ms="9732" status="PASS">
          <params>
            <param index="0">
              <value>
                <![CDATA[chrome]]>
              </value>
            </param>
          </params>
          <reporter-output>
          </reporter-output>
        </test-method> <!-- setup -->
        <test-method is-config="true" signature="handlePopUp()[pri:0, instance:testCase.TC_04_CountAdult@15de0b3c]" started-at="2024-03-26T11:08:59 IST" name="handlePopUp" finished-at="2024-03-26T11:09:06 IST" duration-ms="7454" status="PASS">
          <reporter-output>
          </reporter-output>
        </test-method> <!-- handlePopUp -->
        <test-method signature="adultCount()[pri:1, instance:testCase.TC_04_CountAdult@15de0b3c]" started-at="2024-03-26T11:09:06 IST" name="adultCount" finished-at="2024-03-26T11:09:15 IST" duration-ms="8940" status="PASS">
          <reporter-output>
          </reporter-output>
        </test-method> <!-- adultCount -->
        <test-method is-config="true" signature="complete()[pri:0, instance:testCase.TC_04_CountAdult@15de0b3c]" started-at="2024-03-26T11:09:16 IST" name="complete" finished-at="2024-03-26T11:09:20 IST" duration-ms="3990" status="PASS">
          <reporter-output>
          </reporter-output>
        </test-method> <!-- complete -->
      </class> <!-- testCase.TC_04_CountAdult -->
      <class name="testCase.TC_01_verifyHomePage">
        <test-method is-config="true" signature="setup(java.lang.String)[pri:0, instance:testCase.TC_01_verifyHomePage@179ece50]" started-at="2024-03-26T11:06:08 IST" name="setup" finished-at="2024-03-26T11:06:20 IST" duration-ms="12305" status="PASS">
          <params>
            <param index="0">
              <value>
                <![CDATA[chrome]]>
              </value>
            </param>
          </params>
          <reporter-output>
          </reporter-output>
        </test-method> <!-- setup -->
        <test-method is-config="true" signature="handlePopUp()[pri:0, instance:testCase.TC_01_verifyHomePage@179ece50]" started-at="2024-03-26T11:06:22 IST" name="handlePopUp" finished-at="2024-03-26T11:06:30 IST" duration-ms="7356" status="PASS">
          <reporter-output>
          </reporter-output>
        </test-method> <!-- handlePopUp -->
        <test-method signature="verifyCabs(java.lang.String,java.lang.String)[pri:1, instance:testCase.TC_01_verifyHomePage@179ece50]" started-at="2024-03-26T11:06:30 IST" name="verifyCabs" data-provider="DataForTest" finished-at="2024-03-26T11:06:46 IST" duration-ms="16707" status="PASS">
          <params>
            <param index="0">
              <value>
                <![CDATA[Delhi]]>
              </value>
            </param>
            <param index="1">
              <value>
                <![CDATA[Manali, Himachal Pradesh, India]]>
              </value>
            </param>
          </params>
          <reporter-output>
          </reporter-output>
        </test-method> <!-- verifyCabs -->
        <test-method is-config="true" signature="handlePopUp()[pri:0, instance:testCase.TC_01_verifyHomePage@179ece50]" started-at="2024-03-26T11:06:47 IST" name="handlePopUp" finished-at="2024-03-26T11:07:02 IST" duration-ms="15070" status="PASS">
          <reporter-output>
          </reporter-output>
        </test-method> <!-- handlePopUp -->
        <test-method signature="verifyCabs(java.lang.String,java.lang.String)[pri:1, instance:testCase.TC_01_verifyHomePage@179ece50]" started-at="2024-03-26T11:07:02 IST" name="verifyCabs" data-provider="DataForTest" finished-at="2024-03-26T11:07:22 IST" duration-ms="20132" status="PASS">
          <params>
            <param index="0">
              <value>
                <![CDATA[Pune]]>
              </value>
            </param>
            <param index="1">
              <value>
                <![CDATA[Gorakhpur, Uttar Pradesh, India]]>
              </value>
            </param>
          </params>
          <reporter-output>
          </reporter-output>
        </test-method> <!-- verifyCabs -->
        <test-method is-config="true" signature="handlePopUp()[pri:0, instance:testCase.TC_01_verifyHomePage@179ece50]" started-at="2024-03-26T11:07:23 IST" name="handlePopUp" finished-at="2024-03-26T11:07:38 IST" duration-ms="15048" status="PASS">
          <reporter-output>
          </reporter-output>
        </test-method> <!-- handlePopUp -->
        <test-method signature="verifyCabs(java.lang.String,java.lang.String)[pri:1, instance:testCase.TC_01_verifyHomePage@179ece50]" started-at="2024-03-26T11:07:38 IST" name="verifyCabs" data-provider="DataForTest" finished-at="2024-03-26T11:07:58 IST" duration-ms="20850" status="PASS">
          <params>
            <param index="0">
              <value>
                <![CDATA[Delhi]]>
              </value>
            </param>
            <param index="1">
              <value>
                <![CDATA[Vellore, Tamil Nadu, India]]>
              </value>
            </param>
          </params>
          <reporter-output>
          </reporter-output>
        </test-method> <!-- verifyCabs -->
        <test-method is-config="true" signature="complete()[pri:0, instance:testCase.TC_01_verifyHomePage@179ece50]" started-at="2024-03-26T11:07:59 IST" name="complete" finished-at="2024-03-26T11:08:03 IST" duration-ms="4395" status="PASS">
          <reporter-output>
          </reporter-output>
        </test-method> <!-- complete -->
      </class> <!-- testCase.TC_01_verifyHomePage -->
      <class name="testCase.TC_03_GiftCardBoookingTest">
        <test-method is-config="true" signature="setup(java.lang.String)[pri:0, instance:testCase.TC_03_GiftCardBoookingTest@1a677343]" started-at="2024-03-26T11:08:03 IST" name="setup" finished-at="2024-03-26T11:08:14 IST" duration-ms="10494" status="PASS">
          <params>
            <param index="0">
              <value>
                <![CDATA[chrome]]>
              </value>
            </param>
          </params>
          <reporter-output>
          </reporter-output>
        </test-method> <!-- setup -->
        <test-method is-config="true" signature="handlePopUp()[pri:0, instance:testCase.TC_03_GiftCardBoookingTest@1a677343]" started-at="2024-03-26T11:08:14 IST" name="handlePopUp" finished-at="2024-03-26T11:08:21 IST" duration-ms="7228" status="PASS">
          <reporter-output>
          </reporter-output>
        </test-method> <!-- handlePopUp -->
        <test-method signature="gift()[pri:1, instance:testCase.TC_03_GiftCardBoookingTest@1a677343]" started-at="2024-03-26T11:08:21 IST" name="gift" finished-at="2024-03-26T11:08:22 IST" duration-ms="1371" status="PASS">
          <reporter-output>
          </reporter-output>
        </test-method> <!-- gift -->
        <test-method is-config="true" signature="handlePopUp()[pri:0, instance:testCase.TC_03_GiftCardBoookingTest@1a677343]" started-at="2024-03-26T11:08:26 IST" name="handlePopUp" finished-at="2024-03-26T11:08:41 IST" duration-ms="15047" status="PASS">
          <reporter-output>
          </reporter-output>
        </test-method> <!-- handlePopUp -->
        <test-method signature="giftCard()[pri:2, instance:testCase.TC_03_GiftCardBoookingTest@1a677343]" started-at="2024-03-26T11:08:41 IST" name="giftCard" finished-at="2024-03-26T11:08:45 IST" duration-ms="4702" status="PASS">
          <reporter-output>
          </reporter-output>
        </test-method> <!-- giftCard -->
        <test-method is-config="true" signature="complete()[pri:0, instance:testCase.TC_03_GiftCardBoookingTest@1a677343]" started-at="2024-03-26T11:08:46 IST" name="complete" finished-at="2024-03-26T11:08:49 IST" duration-ms="3572" status="PASS">
          <reporter-output>
          </reporter-output>
        </test-method> <!-- complete -->
      </class> <!-- testCase.TC_03_GiftCardBoookingTest -->
    </test> <!-- ChromeTest -->
    <test started-at="2024-03-26T11:09:22 IST" name="EdgeTest" finished-at="2024-03-26T11:13:08 IST" duration-ms="226461">
      <class name="testCase.TC_04_CountAdult">
        <test-method is-config="true" signature="setup(java.lang.String)[pri:0, instance:testCase.TC_04_CountAdult@69453e37]" started-at="2024-03-26T11:12:37 IST" name="setup" finished-at="2024-03-26T11:12:48 IST" duration-ms="11500" status="PASS">
          <params>
            <param index="0">
              <value>
                <![CDATA[edge]]>
              </value>
            </param>
          </params>
          <reporter-output>
          </reporter-output>
        </test-method> <!-- setup -->
        <test-method is-config="true" signature="handlePopUp()[pri:0, instance:testCase.TC_04_CountAdult@69453e37]" started-at="2024-03-26T11:12:48 IST" name="handlePopUp" finished-at="2024-03-26T11:12:56 IST" duration-ms="7261" status="PASS">
          <reporter-output>
          </reporter-output>
        </test-method> <!-- handlePopUp -->
        <test-method signature="adultCount()[pri:1, instance:testCase.TC_04_CountAdult@69453e37]" started-at="2024-03-26T11:12:56 IST" name="adultCount" finished-at="2024-03-26T11:13:03 IST" duration-ms="7322" status="PASS">
          <reporter-output>
          </reporter-output>
        </test-method> <!-- adultCount -->
        <test-method is-config="true" signature="complete()[pri:0, instance:testCase.TC_04_CountAdult@69453e37]" started-at="2024-03-26T11:13:03 IST" name="complete" finished-at="2024-03-26T11:13:08 IST" duration-ms="4636" status="PASS">
          <reporter-output>
          </reporter-output>
        </test-method> <!-- complete -->
      </class> <!-- testCase.TC_04_CountAdult -->
      <class name="testCase.TC_01_verifyHomePage">
        <test-method is-config="true" signature="setup(java.lang.String)[pri:0, instance:testCase.TC_01_verifyHomePage@6200f9cb]" started-at="2024-03-26T11:09:22 IST" name="setup" finished-at="2024-03-26T11:09:36 IST" duration-ms="14430" status="PASS">
          <params>
            <param index="0">
              <value>
                <![CDATA[edge]]>
              </value>
            </param>
          </params>
          <reporter-output>
          </reporter-output>
        </test-method> <!-- setup -->
        <test-method is-config="true" signature="handlePopUp()[pri:0, instance:testCase.TC_01_verifyHomePage@6200f9cb]" started-at="2024-03-26T11:09:37 IST" name="handlePopUp" finished-at="2024-03-26T11:09:44 IST" duration-ms="7368" status="PASS">
          <reporter-output>
          </reporter-output>
        </test-method> <!-- handlePopUp -->
        <test-method signature="verifyCabs(java.lang.String,java.lang.String)[pri:1, instance:testCase.TC_01_verifyHomePage@6200f9cb]" started-at="2024-03-26T11:09:44 IST" name="verifyCabs" data-provider="DataForTest" finished-at="2024-03-26T11:10:28 IST" duration-ms="44436" status="PASS">
          <params>
            <param index="0">
              <value>
                <![CDATA[Delhi]]>
              </value>
            </param>
            <param index="1">
              <value>
                <![CDATA[Manali, Himachal Pradesh, India]]>
              </value>
            </param>
          </params>
          <reporter-output>
          </reporter-output>
        </test-method> <!-- verifyCabs -->
        <test-method is-config="true" signature="handlePopUp()[pri:0, instance:testCase.TC_01_verifyHomePage@6200f9cb]" started-at="2024-03-26T11:10:29 IST" name="handlePopUp" finished-at="2024-03-26T11:10:44 IST" duration-ms="15057" status="PASS">
          <reporter-output>
          </reporter-output>
        </test-method> <!-- handlePopUp -->
        <test-method signature="verifyCabs(java.lang.String,java.lang.String)[pri:1, instance:testCase.TC_01_verifyHomePage@6200f9cb]" started-at="2024-03-26T11:10:44 IST" name="verifyCabs" data-provider="DataForTest" finished-at="2024-03-26T11:11:01 IST" duration-ms="16618" status="PASS">
          <params>
            <param index="0">
              <value>
                <![CDATA[Pune]]>
              </value>
            </param>
            <param index="1">
              <value>
                <![CDATA[Gorakhpur, Uttar Pradesh, India]]>
              </value>
            </param>
          </params>
          <reporter-output>
          </reporter-output>
        </test-method> <!-- verifyCabs -->
        <test-method is-config="true" signature="handlePopUp()[pri:0, instance:testCase.TC_01_verifyHomePage@6200f9cb]" started-at="2024-03-26T11:11:02 IST" name="handlePopUp" finished-at="2024-03-26T11:11:17 IST" duration-ms="15043" status="PASS">
          <reporter-output>
          </reporter-output>
        </test-method> <!-- handlePopUp -->
        <test-method signature="verifyCabs(java.lang.String,java.lang.String)[pri:1, instance:testCase.TC_01_verifyHomePage@6200f9cb]" started-at="2024-03-26T11:11:17 IST" name="verifyCabs" data-provider="DataForTest" finished-at="2024-03-26T11:11:44 IST" duration-ms="26859" status="PASS">
          <params>
            <param index="0">
              <value>
                <![CDATA[Delhi]]>
              </value>
            </param>
            <param index="1">
              <value>
                <![CDATA[Vellore, Tamil Nadu, India]]>
              </value>
            </param>
          </params>
          <reporter-output>
          </reporter-output>
        </test-method> <!-- verifyCabs -->
        <test-method is-config="true" signature="complete()[pri:0, instance:testCase.TC_01_verifyHomePage@6200f9cb]" started-at="2024-03-26T11:11:45 IST" name="complete" finished-at="2024-03-26T11:11:50 IST" duration-ms="5263" status="PASS">
          <reporter-output>
          </reporter-output>
        </test-method> <!-- complete -->
      </class> <!-- testCase.TC_01_verifyHomePage -->
      <class name="testCase.TC_03_GiftCardBoookingTest">
        <test-method is-config="true" signature="setup(java.lang.String)[pri:0, instance:testCase.TC_03_GiftCardBoookingTest@2002fc1d]" started-at="2024-03-26T11:11:50 IST" name="setup" finished-at="2024-03-26T11:12:01 IST" duration-ms="10863" status="PASS">
          <params>
            <param index="0">
              <value>
                <![CDATA[edge]]>
              </value>
            </param>
          </params>
          <reporter-output>
          </reporter-output>
        </test-method> <!-- setup -->
        <test-method is-config="true" signature="handlePopUp()[pri:0, instance:testCase.TC_03_GiftCardBoookingTest@2002fc1d]" started-at="2024-03-26T11:12:01 IST" name="handlePopUp" finished-at="2024-03-26T11:12:08 IST" duration-ms="7298" status="PASS">
          <reporter-output>
          </reporter-output>
        </test-method> <!-- handlePopUp -->
        <test-method signature="gift()[pri:1, instance:testCase.TC_03_GiftCardBoookingTest@2002fc1d]" started-at="2024-03-26T11:12:08 IST" name="gift" finished-at="2024-03-26T11:12:10 IST" duration-ms="1364" status="PASS">
          <reporter-output>
          </reporter-output>
        </test-method> <!-- gift -->
        <test-method is-config="true" signature="handlePopUp()[pri:0, instance:testCase.TC_03_GiftCardBoookingTest@2002fc1d]" started-at="2024-03-26T11:12:12 IST" name="handlePopUp" finished-at="2024-03-26T11:12:27 IST" duration-ms="15027" status="PASS">
          <reporter-output>
          </reporter-output>
        </test-method> <!-- handlePopUp -->
        <test-method signature="giftCard()[pri:2, instance:testCase.TC_03_GiftCardBoookingTest@2002fc1d]" started-at="2024-03-26T11:12:27 IST" name="giftCard" finished-at="2024-03-26T11:12:33 IST" duration-ms="5409" status="PASS">
          <reporter-output>
          </reporter-output>
        </test-method> <!-- giftCard -->
        <test-method is-config="true" signature="complete()[pri:0, instance:testCase.TC_03_GiftCardBoookingTest@2002fc1d]" started-at="2024-03-26T11:12:33 IST" name="complete" finished-at="2024-03-26T11:12:37 IST" duration-ms="3994" status="PASS">
          <reporter-output>
          </reporter-output>
        </test-method> <!-- complete -->
      </class> <!-- testCase.TC_03_GiftCardBoookingTest -->
    </test> <!-- EdgeTest -->
  </suite> <!-- Suite -->
</testng-results>
